<?xml version="1.0" encoding="UTF-8"?>
<!-- Generated by org.testng.reporters.JUnitXMLReporter -->
<testsuite hostname="DESKTOP-S3RH2I0" name="Default test" tests="4" failures="0" timestamp="28 Dec 2018 01:11:22 GMT" time="0.023" errors="0">
  <testcase name="runselenium" time="0.004" classname="testng.testngpack"/>
  <testcase name="runselenium1" time="0.0" classname="testng.testngpack"/>
  <testcase name="testconnectmysql" time="0.001" classname="testng.testngpack"/>
  <testcase name="testconnectoracle" time="0.0" classname="testng.testngpack"/>
</testsuite> <!-- Default test -->
